\BOOKMARK [1][-]{section.1}{The Hypothesis}{}% 1
\BOOKMARK [2][-]{subsection.1.1}{Hypothesis introduction}{section.1}% 2
\BOOKMARK [2][-]{subsection.1.2}{Short related work}{section.1}% 3
\BOOKMARK [1][-]{section.2}{The Data}{}% 4
\BOOKMARK [2][-]{subsection.2.1}{Overview}{section.2}% 5
\BOOKMARK [2][-]{subsection.2.2}{The warm-up}{section.2}% 6
\BOOKMARK [2][-]{subsection.2.3}{CERVIGRAM}{section.2}% 7
\BOOKMARK [1][-]{section.3}{Metrics}{}% 8
\BOOKMARK [2][-]{subsection.3.1}{Time-to-solution}{section.3}% 9
\BOOKMARK [2][-]{subsection.3.2}{Accuracy performance}{section.3}% 10
\BOOKMARK [2][-]{subsection.3.3}{FLOPs/energy usage evaluation}{section.3}% 11
\BOOKMARK [1][-]{section.4}{Models and approach}{}% 12
\BOOKMARK [2][-]{subsection.4.1}{MGU Model formalization}{section.4}% 13
\BOOKMARK [2][-]{subsection.4.2}{MGU model code}{section.4}% 14
\BOOKMARK [1][-]{section.5}{Experimental pipeline and reasoning}{}% 15
\BOOKMARK [2][-]{subsection.5.1}{The grid search}{section.5}% 16
\BOOKMARK [2][-]{subsection.5.2}{Optimization approach}{section.5}% 17
\BOOKMARK [1][-]{section.6}{Progress so far}{}% 18
\BOOKMARK [2][-]{subsection.6.1}{MNIST results and metrics analysis}{section.6}% 19
\BOOKMARK [2][-]{subsection.6.2}{MGU self-diagnosis output}{section.6}% 20
\BOOKMARK [2][-]{subsection.6.3}{CIFAR-10 results and metrics analysis}{section.6}% 21
\BOOKMARK [1][-]{section.7}{The next steps}{}% 22
\BOOKMARK [2][-]{subsection.7.1}{CERVIGRAM experiment}{section.7}% 23
\BOOKMARK [2][-]{subsection.7.2}{Predictive analytics experiment}{section.7}% 24
\BOOKMARK [2][-]{subsection.7.3}{Over-parametrization}{section.7}% 25
